<?xml version="1.0" encoding="UTF-8"?>
<testng-results ignored="0" total="1" passed="1" failed="0" skipped="0">
  <reporter-output>
  </reporter-output>
  <suite started-at="2023-10-08T01:29:41 IST" name="Default suite" finished-at="2023-10-08T01:29:48 IST" duration-ms="6298">
    <groups>
    </groups>
    <test started-at="2023-10-08T01:29:41 IST" name="Default test" finished-at="2023-10-08T01:29:48 IST" duration-ms="6298">
      <class name="com.test.JustTest">
        <test-method is-config="true" signature="driverMethod()[pri:0, instance:com.test.JustTest@b9b00e0]" started-at="2023-10-08T01:29:36 IST" name="driverMethod" finished-at="2023-10-08T01:29:41 IST" duration-ms="5338" status="PASS">
          <reporter-output>
          </reporter-output>
        </test-method> <!-- driverMethod -->
        <test-method signature="testing()[pri:0, instance:com.test.JustTest@b9b00e0]" started-at="2023-10-08T01:29:41 IST" name="testing" finished-at="2023-10-08T01:29:48 IST" duration-ms="6209" status="PASS">
          <reporter-output>
          </reporter-output>
        </test-method> <!-- testing -->
        <test-method is-config="true" signature="tearDown()[pri:0, instance:com.test.JustTest@b9b00e0]" started-at="2023-10-08T01:29:48 IST" name="tearDown" finished-at="2023-10-08T01:29:48 IST" duration-ms="0" status="PASS">
          <reporter-output>
          </reporter-output>
        </test-method> <!-- tearDown -->
      </class> <!-- com.test.JustTest -->
    </test> <!-- Default test -->
  </suite> <!-- Default suite -->
</testng-results>
